/*C3*/SET SCHEMA PUBLIC
CONNECT USER SA
/*C4*/SET SCHEMA PUBLIC
CONNECT USER SA
/*C5*/SET SCHEMA PUBLIC
CONNECT USER SA
/*C6*/SET SCHEMA PUBLIC
CONNECT USER SA
/*C7*/SET SCHEMA PUBLIC
CONNECT USER SA
/*C8*/SET SCHEMA PUBLIC
CONNECT USER SA
DISCONNECT
/*C7*/DISCONNECT
/*C9*/SET SCHEMA PUBLIC
CONNECT USER SA
/*C10*/SET SCHEMA PUBLIC
CONNECT USER SA
DISCONNECT
/*C9*/DISCONNECT
/*C11*/SET SCHEMA PUBLIC
CONNECT USER SA
DISCONNECT
/*C3*/SET AUTOCOMMIT FALSE
COMMIT
SET AUTOCOMMIT TRUE
/*C4*/DISCONNECT
/*C3*/SET AUTOCOMMIT FALSE
COMMIT
SET AUTOCOMMIT TRUE
