/*C5*/SET SCHEMA PUBLIC
CONNECT USER SA
/*C6*/SET SCHEMA PUBLIC
CONNECT USER SA
/*C7*/SET SCHEMA PUBLIC
CONNECT USER SA
/*C5*/SET AUTOCOMMIT FALSE
COMMIT
SET AUTOCOMMIT TRUE
/*C8*/SET SCHEMA PUBLIC
CONNECT USER SA
DISCONNECT
/*C5*/SET AUTOCOMMIT FALSE
COMMIT
SET AUTOCOMMIT TRUE
SET AUTOCOMMIT FALSE
COMMIT
SET AUTOCOMMIT TRUE
SET AUTOCOMMIT FALSE
COMMIT
SET AUTOCOMMIT TRUE
SET AUTOCOMMIT FALSE
COMMIT
SET AUTOCOMMIT TRUE
SET AUTOCOMMIT FALSE
COMMIT
SET AUTOCOMMIT TRUE
SET AUTOCOMMIT FALSE
COMMIT
SET AUTOCOMMIT TRUE
/*C7*/SET AUTOCOMMIT FALSE
COMMIT
SET AUTOCOMMIT TRUE
SET AUTOCOMMIT FALSE
COMMIT
SET AUTOCOMMIT TRUE
/*C6*/SET AUTOCOMMIT FALSE
COMMIT
SET AUTOCOMMIT TRUE
SET AUTOCOMMIT FALSE
COMMIT
SET AUTOCOMMIT TRUE
/*C7*/SET AUTOCOMMIT FALSE
COMMIT
SET AUTOCOMMIT TRUE
/*C5*/SET AUTOCOMMIT FALSE
COMMIT
SET AUTOCOMMIT TRUE
/*C7*/SET AUTOCOMMIT FALSE
COMMIT
SET AUTOCOMMIT TRUE
/*C5*/SET AUTOCOMMIT FALSE
COMMIT
SET AUTOCOMMIT TRUE
/*C7*/SET AUTOCOMMIT FALSE
COMMIT
SET AUTOCOMMIT TRUE
SET AUTOCOMMIT FALSE
COMMIT
SET AUTOCOMMIT TRUE
SET AUTOCOMMIT FALSE
COMMIT
SET AUTOCOMMIT TRUE
/*C6*/SET AUTOCOMMIT FALSE
COMMIT
SET AUTOCOMMIT TRUE
SET AUTOCOMMIT FALSE
COMMIT
SET AUTOCOMMIT TRUE
